<?xml version="1.0" encoding="UTF-8"?>
<!-- Generated by org.testng.reporters.JUnitXMLReporter -->
<testsuite ignored="1" hostname="DESKTOP-T6U90TK" failures="0" tests="1" name="Default test" time="3.243" errors="0" timestamp="2025-07-29T21:25:36 ART">
  <testcase classname="com.advancedseleniumfunctions.productFilteringTests.ProductFilteringTests" name="testVerduraFilter" time="0.602"/>
  <testcase classname="com.advancedseleniumfunctions.productFilteringTests.ProductFilteringTests" name="testFrutaFilter" time="0.0">
    <ignored/>
  </testcase> <!-- testFrutaFilter -->
</testsuite> <!-- Default test -->
