<?xml version="1.0" encoding="UTF-8"?>
<testng-results ignored="0" total="1" passed="1" failed="0" skipped="0">
  <reporter-output>
  </reporter-output>
  <suite started-at="2025-07-31T19:02:45 ART" name="Default suite" finished-at="2025-07-31T19:02:54 ART" duration-ms="9280">
    <groups>
    </groups>
    <test started-at="2025-07-31T19:02:45 ART" name="Default test" finished-at="2025-07-31T19:02:54 ART" duration-ms="9280">
      <class name="com.advancedseleniumfunctions.GeoLocationsBasic">
        <test-method is-config="true" signature="setUp(org.testng.ITestContext)[pri:0, instance:com.advancedseleniumfunctions.GeoLocationsBasic@6989da5e]" started-at="2025-07-31T19:02:45 ART" name="setUp" finished-at="2025-07-31T19:02:47 ART" duration-ms="1853" status="PASS">
          <params>
            <param index="0">
              <value>
                <![CDATA[org.testng.TestRunner@234a8f27]]>
              </value>
            </param>
          </params>
          <reporter-output>
          </reporter-output>
        </test-method> <!-- setUp -->
        <test-method signature="geoLocationTest()[pri:0, instance:com.advancedseleniumfunctions.GeoLocationsBasic@6989da5e]" started-at="2025-07-31T19:02:47 ART" name="geoLocationTest" finished-at="2025-07-31T19:02:54 ART" duration-ms="7018" status="PASS">
          <reporter-output>
          </reporter-output>
        </test-method> <!-- geoLocationTest -->
        <test-method is-config="true" signature="tearDown()[pri:0, instance:com.advancedseleniumfunctions.GeoLocationsBasic@6989da5e]" started-at="2025-07-31T19:02:54 ART" name="tearDown" finished-at="2025-07-31T19:02:54 ART" duration-ms="124" status="PASS">
          <reporter-output>
          </reporter-output>
        </test-method> <!-- tearDown -->
      </class> <!-- com.advancedseleniumfunctions.GeoLocationsBasic -->
    </test> <!-- Default test -->
  </suite> <!-- Default suite -->
</testng-results>
